Warning: Not allowed as a service: java.awt.Window.CustomTitleBarPeer
	at com.jetbrains.JBR$WindowDecorations__Holder.<clinit>(JBR.java:642)
	at com.jetbrains.JBR.getWindowDecorations(JBR.java:662)
	at com.intellij.platform.ide.bootstrap.StartupUtil$startApplication$3.invokeSuspend(startup.kt:171)
	at kotlin.coroutines.jvm.internal.BaseContinuationImpl.resumeWith(ContinuationImpl.kt:33)
	at kotlinx.coroutines.DispatchedTask.run(DispatchedTask.kt:104)
	at kotlinx.coroutines.scheduling.CoroutineScheduler.runSafely(CoroutineScheduler.kt:608)
	at kotlinx.coroutines.scheduling.CoroutineScheduler$Worker.executeTask(CoroutineScheduler.kt:873)
	at kotlinx.coroutines.scheduling.CoroutineScheduler$Worker.runWorker(CoroutineScheduler.kt:763)
	at kotlinx.coroutines.scheduling.CoroutineScheduler$Worker.run(CoroutineScheduler.kt:750)
Warning: Service not supported: com.jetbrains.WindowDecorations
	at com.jetbrains.JBR$WindowDecorations__Holder.<clinit>(JBR.java:642)
	at com.jetbrains.JBR.getWindowDecorations(JBR.java:662)
	at com.intellij.platform.ide.bootstrap.StartupUtil$startApplication$3.invokeSuspend(startup.kt:171)
	at kotlin.coroutines.jvm.internal.BaseContinuationImpl.resumeWith(ContinuationImpl.kt:33)
	at kotlinx.coroutines.DispatchedTask.run(DispatchedTask.kt:104)
	at kotlinx.coroutines.scheduling.CoroutineScheduler.runSafely(CoroutineScheduler.kt:608)
	at kotlinx.coroutines.scheduling.CoroutineScheduler$Worker.executeTask(CoroutineScheduler.kt:873)
	at kotlinx.coroutines.scheduling.CoroutineScheduler$Worker.runWorker(CoroutineScheduler.kt:763)
	at kotlinx.coroutines.scheduling.CoroutineScheduler$Worker.run(CoroutineScheduler.kt:750)
2025-04-01 20:00:21,536 [   1814]   WARN - #c.i.u.x.Binding - No accessors for com.mallowigi.idea.themes.MTThemeFacade. This means that state class cannot be serialized properly. Please see https://jb.gg/ij-psoc
2025-04-01 20:00:21,895 [   2173]   WARN - #c.i.e.t.TargetBasedSdks - SDK target configuration data is absent
2025-04-01 20:00:21,921 [   2199]   WARN - #c.i.e.t.TargetBasedSdks - SDK target configuration data is absent
2025-04-01 20:00:21,926 [   2204]   WARN - #c.i.e.t.TargetBasedSdks - SDK target configuration data is absent
2025-04-01 20:00:21,927 [   2205]   WARN - #c.i.e.t.TargetBasedSdks - SDK target configuration data is absent
2025-04-01 20:00:21,928 [   2206]   WARN - #c.i.e.t.TargetBasedSdks - SDK target configuration data is absent
2025-04-01 20:00:21,929 [   2207]   WARN - #c.i.e.t.TargetBasedSdks - SDK target configuration data is absent
2025-04-01 20:00:21,931 [   2209]   WARN - #c.i.e.t.TargetBasedSdks - SDK target configuration data is absent
2025-04-01 20:00:21,933 [   2211]   WARN - #c.i.e.t.TargetBasedSdks - SDK target configuration data is absent
2025-04-01 20:00:21,935 [   2213]   WARN - #c.i.e.t.TargetBasedSdks - SDK target configuration data is absent
2025-04-01 20:00:21,936 [   2214]   WARN - #c.i.e.t.TargetBasedSdks - SDK target configuration data is absent
2025-04-01 20:00:21,937 [   2215]   WARN - #c.i.e.t.TargetBasedSdks - SDK target configuration data is absent
2025-04-01 20:00:21,938 [   2216]   WARN - #c.i.e.t.TargetBasedSdks - SDK target configuration data is absent
2025-04-01 20:00:21,939 [   2217]   WARN - #c.i.e.t.TargetBasedSdks - SDK target configuration data is absent
2025-04-01 20:00:21,940 [   2218]   WARN - #c.i.e.t.TargetBasedSdks - SDK target configuration data is absent
2025-04-01 20:00:21,941 [   2219]   WARN - #c.i.e.t.TargetBasedSdks - SDK target configuration data is absent
2025-04-01 20:00:21,942 [   2220]   WARN - #c.i.e.t.TargetBasedSdks - SDK target configuration data is absent
2025-04-01 20:00:21,944 [   2222]   WARN - #c.i.e.t.TargetBasedSdks - SDK target configuration data is absent
2025-04-01 20:00:22,584 [   2862]   WARN - #c.i.s.ComponentManagerImpl - `preload=NOT_HEADLESS` must be used only for core services (service=com.jetbrains.rdserver.toolWindow.BackendServerToolWindowManager, plugin=com.jetbrains.codeWithMe)
2025-04-01 20:00:22,584 [   2862]   WARN - #c.i.s.ComponentManagerImpl - `preload=TRUE` must be used only for core services (service=com.intellij.cwm.plugin.users.BackendUserManager, plugin=com.jetbrains.codeWithMe)
2025-04-01 20:00:22,584 [   2862]   WARN - #c.i.s.ComponentManagerImpl - `preload=TRUE` must be used only for core services (service=com.intellij.cwm.plugin.ports.CwmPortForwardingToolWindowManager, plugin=com.jetbrains.codeWithMe)
2025-04-01 20:00:22,584 [   2862]   WARN - #c.i.s.ComponentManagerImpl - `preload=TRUE` must be used only for core services (service=com.intellij.cwm.plugin.users.BackendCWMUserFocusHost, plugin=com.jetbrains.codeWithMe)
2025-04-01 20:00:22,584 [   2862]   WARN - #c.i.s.ComponentManagerImpl - `preload=TRUE` must be used only for core services (service=com.intellij.cwm.plugin.following.FollowMeManagerService, plugin=com.jetbrains.codeWithMe)
2025-04-01 20:00:22,584 [   2862]   WARN - #c.i.s.ComponentManagerImpl - `preload=TRUE` must be used only for core services (service=com.intellij.cwm.plugin.following.BackendProjectViewSync, plugin=com.jetbrains.codeWithMe)
2025-04-01 20:00:22,584 [   2862]   WARN - #c.i.s.ComponentManagerImpl - `preload=TRUE` must be used only for core services (service=com.intellij.cwm.plugin.following.BackendFollowMeEditorsHost, plugin=com.jetbrains.codeWithMe)
2025-04-01 20:00:22,584 [   2862]   WARN - #c.i.s.ComponentManagerImpl - `preload=TRUE` must be used only for core services (service=com.intellij.cwm.plugin.following.BackendFollowMeDebuggerHost, plugin=com.jetbrains.codeWithMe)
2025-04-01 20:00:22,585 [   2863]   WARN - #c.i.s.ComponentManagerImpl - `preload=TRUE` must be used only for core services (service=com.intellij.cwm.plugin.following.FollowMeLookupSynchronizer, plugin=com.jetbrains.codeWithMe)
2025-04-01 20:00:25,405 [   5683]   WARN - #c.i.u.n.IdeProxySelector - failed to configure proxy by pacUrl=null (null if autodetect)
2025-04-01 20:00:27,954 [   8232]   WARN - #o.j.p.t.TextMateService - Cannot find referenced file `./syntaxes/asp-vb-net.tmLanguage.json` in bundle `/home/kebab/.local/share/JetBrains/PyCharm/plugins/textmate/lib/bundles/vb`
Warning: Not allowed as a service: com.jetbrains.RoundedCornersManager
	at com.jetbrains.JBR$RoundedCornersManager__Holder.<clinit>(JBR.java:514)
	at com.jetbrains.JBR.isRoundedCornersManagerSupported(JBR.java:524)
	at com.intellij.ui.WindowRoundedCornersManager.isAvailable(WindowRoundedCornersManager.java:36)
	at com.intellij.ui.popup.AbstractPopup.show(AbstractPopup.java:1033)
	at com.intellij.ui.popup.WizardPopup.show(WizardPopup.java:231)
	at com.intellij.ui.popup.AbstractPopup.show(AbstractPopup.java:654)
	at com.intellij.openapi.wm.impl.status.MultipleTextValues$2.onClick(IdeStatusBarImpl.kt:939)
	at com.intellij.ui.ClickListener$1.mouseReleased(ClickListener.java:63)
	at java.desktop/java.awt.AWTEventMulticaster.mouseReleased(AWTEventMulticaster.java:297)
	at java.desktop/java.awt.Component.processMouseEvent(Component.java:6662)
	at java.desktop/javax.swing.JComponent.processMouseEvent(JComponent.java:3394)
	at java.desktop/java.awt.Component.processEvent(Component.java:6427)
	at java.desktop/java.awt.Container.processEvent(Container.java:2266)
	at java.desktop/java.awt.Component.dispatchEventImpl(Component.java:5032)
	at java.desktop/java.awt.Container.dispatchEventImpl(Container.java:2324)
	at java.desktop/java.awt.Component.dispatchEvent(Component.java:4860)
	at java.desktop/java.awt.LightweightDispatcher.retargetMouseEvent(Container.java:4963)
	at java.desktop/java.awt.LightweightDispatcher.processMouseEvent(Container.java:4577)
	at java.desktop/java.awt.LightweightDispatcher.dispatchEvent(Container.java:4518)
	at java.desktop/java.awt.Container.dispatchEventImpl(Container.java:2310)
	at java.desktop/java.awt.Window.dispatchEventImpl(Window.java:2810)
	at java.desktop/java.awt.Component.dispatchEvent(Component.java:4860)
	at java.desktop/java.awt.EventQueue.dispatchEventImpl(EventQueue.java:783)
	at java.desktop/java.awt.EventQueue$4.run(EventQueue.java:728)
	at java.desktop/java.awt.EventQueue$4.run(EventQueue.java:722)
	at java.base/java.security.AccessController.doPrivileged(AccessController.java:400)
	at java.base/java.security.ProtectionDomain$JavaSecurityAccessImpl.doIntersectionPrivilege(ProtectionDomain.java:87)
	at java.base/java.security.ProtectionDomain$JavaSecurityAccessImpl.doIntersectionPrivilege(ProtectionDomain.java:98)
	at java.desktop/java.awt.EventQueue$5.run(EventQueue.java:755)
	at java.desktop/java.awt.EventQueue$5.run(EventQueue.java:753)
	at java.base/java.security.AccessController.doPrivileged(AccessController.java:400)
	at java.base/java.security.ProtectionDomain$JavaSecurityAccessImpl.doIntersectionPrivilege(ProtectionDomain.java:87)
	at java.desktop/java.awt.EventQueue.dispatchEvent(EventQueue.java:752)
	at com.intellij.ide.IdeEventQueue.defaultDispatchEvent(IdeEventQueue.kt:696)
	at com.intellij.ide.IdeEventQueue.dispatchMouseEvent(IdeEventQueue.kt:635)
	at com.intellij.ide.IdeEventQueue._dispatchEvent$lambda$14(IdeEventQueue.kt:581)
	at com.intellij.openapi.application.impl.AnyThreadWriteThreadingSupport.runWriteIntentReadAction(AnyThreadWriteThreadingSupport.kt:84)
	at com.intellij.ide.IdeEventQueue._dispatchEvent(IdeEventQueue.kt:581)
	at com.intellij.ide.IdeEventQueue.access$_dispatchEvent(IdeEventQueue.kt:73)
	at com.intellij.ide.IdeEventQueue$dispatchEvent$processEventRunnable$1$1$1$1.compute(IdeEventQueue.kt:357)
	at com.intellij.ide.IdeEventQueue$dispatchEvent$processEventRunnable$1$1$1$1.compute(IdeEventQueue.kt:356)
	at com.intellij.openapi.progress.impl.CoreProgressManager.computePrioritized(CoreProgressManager.java:843)
	at com.intellij.ide.IdeEventQueue$dispatchEvent$processEventRunnable$1$1$1.invoke(IdeEventQueue.kt:356)
	at com.intellij.ide.IdeEventQueue$dispatchEvent$processEventRunnable$1$1$1.invoke(IdeEventQueue.kt:351)
	at com.intellij.ide.IdeEventQueueKt$performActivity$runnableWithWIL$1.invoke$lambda$0(IdeEventQueue.kt:1035)
	at com.intellij.openapi.application.WriteIntentReadAction.lambda$run$0(WriteIntentReadAction.java:24)
	at com.intellij.openapi.application.impl.AnyThreadWriteThreadingSupport.runWriteIntentReadAction(AnyThreadWriteThreadingSupport.kt:84)
	at com.intellij.openapi.application.impl.ApplicationImpl.runWriteIntentReadAction(ApplicationImpl.java:910)
	at com.intellij.openapi.application.WriteIntentReadAction.compute(WriteIntentReadAction.java:55)
	at com.intellij.openapi.application.WriteIntentReadAction.run(WriteIntentReadAction.java:23)
	at com.intellij.ide.IdeEventQueueKt$performActivity$runnableWithWIL$1.invoke(IdeEventQueue.kt:1035)
	at com.intellij.ide.IdeEventQueueKt$performActivity$runnableWithWIL$1.invoke(IdeEventQueue.kt:1035)
	at com.intellij.ide.IdeEventQueueKt.performActivity$lambda$1(IdeEventQueue.kt:1036)
	at com.intellij.openapi.application.TransactionGuardImpl.performActivity(TransactionGuardImpl.java:114)
	at com.intellij.ide.IdeEventQueueKt.performActivity(IdeEventQueue.kt:1036)
	at com.intellij.ide.IdeEventQueue.dispatchEvent$lambda$10(IdeEventQueue.kt:351)
	at com.intellij.ide.IdeEventQueue.dispatchEvent(IdeEventQueue.kt:397)
	at java.desktop/java.awt.EventDispatchThread.pumpOneEventForFilters(EventDispatchThread.java:207)
	at java.desktop/java.awt.EventDispatchThread.pumpEventsForFilter(EventDispatchThread.java:128)
	at java.desktop/java.awt.EventDispatchThread.pumpEventsForHierarchy(EventDispatchThread.java:117)
	at java.desktop/java.awt.EventDispatchThread.pumpEvents(EventDispatchThread.java:113)
	at java.desktop/java.awt.EventDispatchThread.pumpEvents(EventDispatchThread.java:105)
	at java.desktop/java.awt.EventDispatchThread.run(EventDispatchThread.java:92)
2025-04-01 20:00:30,874 [  11152]   WARN - #c.j.p.PythonHelpersLocator - File coveragepy_old.zip does not exist in helpers root
2025-04-01 20:00:30,875 [  11153]   WARN - #c.j.p.PythonHelpersLocator - File coveragepy_new.zip does not exist in helpers root
2025-04-01 20:00:30,876 [  11154]   WARN - #c.j.p.PythonHelpersLocator - File coverage_runner.zip does not exist in helpers root
2025-04-01 20:00:30,876 [  11154]   WARN - #c.j.p.PythonHelpersLocator - File pydev.zip does not exist in helpers root
2025-04-01 20:00:30,877 [  11155]   WARN - #c.j.p.PythonHelpersLocator - File pydev.zip does not exist in helpers root
2025-04-01 20:00:30,877 [  11155]   WARN - #c.j.p.PythonHelpersLocator - File profiler.zip does not exist in helpers root
2025-04-01 20:00:30,879 [  11157]   WARN - #c.j.p.PythonHelpersLocator - File profiler.zip does not exist in helpers root
2025-04-01 20:00:30,879 [  11157]   WARN - #c.j.p.PythonHelpersLocator - File pycharm.zip does not exist in helpers root
2025-04-01 20:00:30,880 [  11158]   WARN - #c.j.p.PythonHelpersLocator - File pycharm.zip does not exist in helpers root
2025-04-01 20:00:30,880 [  11158]   WARN - #c.j.p.PythonHelpersLocator - File pycharm.zip does not exist in helpers root
2025-04-01 20:00:30,881 [  11159]   WARN - #c.j.p.PythonHelpersLocator - File pycharm.zip does not exist in helpers root
2025-04-01 20:00:30,881 [  11159]   WARN - #c.j.p.PythonHelpersLocator - File pycharm.zip does not exist in helpers root
2025-04-01 20:00:30,882 [  11160]   WARN - #c.j.p.PythonHelpersLocator - File pycharm.zip does not exist in helpers root
2025-04-01 20:00:30,882 [  11160]   WARN - #c.j.p.PythonHelpersLocator - File pycharm.zip does not exist in helpers root
2025-04-01 20:00:30,882 [  11160]   WARN - #c.j.p.PythonHelpersLocator - File pycharm.zip does not exist in helpers root
2025-04-01 20:00:30,883 [  11161]   WARN - #c.j.p.PythonHelpersLocator - File pycharm.zip does not exist in helpers root
2025-04-01 20:00:30,883 [  11161]   WARN - #c.j.p.PythonHelpersLocator - File pycharm.zip does not exist in helpers root
2025-04-01 20:00:30,883 [  11161]   WARN - #c.j.p.PythonHelpersLocator - File pycharm.zip does not exist in helpers root
2025-04-01 20:00:30,884 [  11162]   WARN - #c.j.p.PythonHelpersLocator - File pycharm.zip does not exist in helpers root
2025-04-01 20:00:30,884 [  11162]   WARN - #c.j.p.PythonHelpersLocator - File pycharm.zip does not exist in helpers root
2025-04-01 20:00:30,884 [  11162]   WARN - #c.j.p.PythonHelpersLocator - File pycharm.zip does not exist in helpers root
2025-04-01 20:00:30,884 [  11162]   WARN - #c.j.p.PythonHelpersLocator - File pycharm.zip does not exist in helpers root
2025-04-01 20:00:30,884 [  11162]   WARN - #c.j.p.PythonHelpersLocator - File pycharm.zip does not exist in helpers root
2025-04-01 20:00:30,885 [  11163]   WARN - #c.j.p.PythonHelpersLocator - File pycharm.zip does not exist in helpers root
2025-04-01 20:00:30,885 [  11163]   WARN - #c.j.p.PythonHelpersLocator - File pycharm.zip does not exist in helpers root
2025-04-01 20:00:31,113 [  11391]   WARN - #c.i.u.x.Binding - No accessors for org.jetbrains.security.package.Package. This means that state class cannot be serialized properly. Please see https://jb.gg/ij-psoc
2025-04-01 20:00:31,507 [  11785]   WARN - #c.j.p.s.s.PySkeletonRefresher - Some skeletons failed to generate
2025-04-01 20:00:31,507 [  11785]   WARN - #c.j.p.s.s.PySkeletonRefresher - greenlet.tests._test_extension
2025-04-01 20:00:31,507 [  11785]   WARN - #c.j.p.s.s.PySkeletonRefresher - greenlet.tests._test_extension_cpp
2025-04-01 20:00:33,070 [  13348]   WARN - #c.i.e.t.TargetBasedSdks - SDK target configuration data is absent
2025-04-01 20:00:33,074 [  13352]   WARN - #c.i.e.t.TargetBasedSdks - SDK target configuration data is absent
2025-04-01 20:00:33,074 [  13352]   WARN - #c.i.e.t.TargetBasedSdks - SDK target configuration data is absent
2025-04-01 20:00:33,075 [  13353]   WARN - #c.i.e.t.TargetBasedSdks - SDK target configuration data is absent
2025-04-01 20:00:33,075 [  13353]   WARN - #c.i.e.t.TargetBasedSdks - SDK target configuration data is absent
2025-04-01 20:00:33,077 [  13355]   WARN - #c.i.e.t.TargetBasedSdks - SDK target configuration data is absent
2025-04-01 20:00:33,077 [  13355]   WARN - #c.i.e.t.TargetBasedSdks - SDK target configuration data is absent
2025-04-01 20:00:33,078 [  13356]   WARN - #c.i.e.t.TargetBasedSdks - SDK target configuration data is absent
2025-04-01 20:00:33,078 [  13356]   WARN - #c.i.e.t.TargetBasedSdks - SDK target configuration data is absent
2025-04-01 20:00:33,079 [  13357]   WARN - #c.i.e.t.TargetBasedSdks - SDK target configuration data is absent
2025-04-01 20:00:33,081 [  13359]   WARN - #c.i.e.t.TargetBasedSdks - SDK target configuration data is absent
2025-04-01 20:00:33,083 [  13361]   WARN - #c.i.e.t.TargetBasedSdks - SDK target configuration data is absent
2025-04-01 20:00:33,084 [  13362]   WARN - #c.i.e.t.TargetBasedSdks - SDK target configuration data is absent
2025-04-01 20:00:33,085 [  13363]   WARN - #c.i.e.t.TargetBasedSdks - SDK target configuration data is absent
2025-04-01 20:00:33,086 [  13364]   WARN - #c.i.e.t.TargetBasedSdks - SDK target configuration data is absent
2025-04-01 20:00:33,087 [  13365]   WARN - #c.i.e.t.TargetBasedSdks - SDK target configuration data is absent
2025-04-01 20:00:33,087 [  13365]   WARN - #c.i.e.t.TargetBasedSdks - SDK target configuration data is absent
2025-04-01 20:00:37,349 [  17627]   WARN - #c.i.u.x.Binding - No accessors for com.intellij.openapi.projectRoots.Sdk. This means that state class cannot be serialized properly. Please see https://jb.gg/ij-psoc
2025-04-01 20:00:38,237 [  18515]   WARN - #c.i.u.i.FilteredIcon - Do not create FilteredIcon for EmptyIcon
2025-04-01 20:00:38,239 [  18517]   WARN - #c.i.u.i.FilteredIcon - Do not create FilteredIcon for EmptyIcon
2025-04-01 20:00:38,240 [  18518]   WARN - #c.i.u.i.FilteredIcon - Do not create FilteredIcon for EmptyIcon
2025-04-01 20:00:38,240 [  18518]   WARN - #c.i.u.i.FilteredIcon - Do not create FilteredIcon for EmptyIcon
2025-04-01 20:00:38,240 [  18518]   WARN - #c.i.u.i.FilteredIcon - Do not create FilteredIcon for EmptyIcon
2025-04-01 20:00:38,240 [  18518]   WARN - #c.i.u.i.FilteredIcon - Do not create FilteredIcon for EmptyIcon
2025-04-01 20:00:38,240 [  18518]   WARN - #c.i.u.i.FilteredIcon - Do not create FilteredIcon for EmptyIcon
2025-04-01 20:00:38,240 [  18518]   WARN - #c.i.u.i.FilteredIcon - Do not create FilteredIcon for EmptyIcon
2025-04-01 20:00:38,241 [  18519]   WARN - #c.i.u.i.FilteredIcon - Do not create FilteredIcon for EmptyIcon
2025-04-01 20:00:38,241 [  18519]   WARN - #c.i.u.i.FilteredIcon - Do not create FilteredIcon for EmptyIcon
2025-04-01 20:00:38,241 [  18519]   WARN - #c.i.u.i.FilteredIcon - Do not create FilteredIcon for EmptyIcon
2025-04-01 20:00:38,241 [  18519]   WARN - #c.i.u.i.FilteredIcon - Do not create FilteredIcon for EmptyIcon
2025-04-01 20:00:38,241 [  18519]   WARN - #c.i.u.i.FilteredIcon - Do not create FilteredIcon for EmptyIcon
2025-04-01 20:00:38,241 [  18519]   WARN - #c.i.u.i.FilteredIcon - Do not create FilteredIcon for EmptyIcon
2025-04-01 20:00:38,242 [  18520]   WARN - #c.i.u.i.FilteredIcon - Do not create FilteredIcon for EmptyIcon
2025-04-01 20:00:38,242 [  18520]   WARN - #c.i.u.i.FilteredIcon - Do not create FilteredIcon for EmptyIcon
2025-04-01 20:00:38,242 [  18520]   WARN - #c.i.u.i.FilteredIcon - Do not create FilteredIcon for EmptyIcon
